d:\vsworkspace\dna_01\dna_01\debug\vc140.pdb
d:\vsworkspace\dna_01\dna_01\debug\vc140.idb
d:\vsworkspace\dna_01\dna_01\debug\metricdatalist.obj
d:\vsworkspace\dna_01\dna_01\debug\nodenodevaluelistlist.obj
d:\vsworkspace\dna_01\dna_01\debug\nodevaluelistlist.obj
d:\vsworkspace\dna_01\dna_01\debug\runtimelist.obj
d:\vsworkspace\dna_01\dna_01\debug\valuelist.obj
d:\vsworkspace\dna_01\dna_01\debug\metricdata.obj
d:\vsworkspace\dna_01\dna_01\debug\nodenodevaluelist.obj
d:\vsworkspace\dna_01\dna_01\debug\nodevaluelist.obj
d:\vsworkspace\dna_01\dna_01\debug\rundata.obj
d:\vsworkspace\dna_01\dna_01\debug\runtime.obj
d:\vsworkspace\dna_01\dna_01\debug\seriesdata.obj
d:\vsworkspace\dna_01\dna_01\debug\value.obj
d:\vsworkspace\dna_01\dna_01\debug\series.obj
d:\vsworkspace\dna_01\dna_01\debug\seriesgeneration.obj
d:\vsworkspace\dna_01\dna_01\debug\seriesstats.obj
d:\vsworkspace\dna_01\dna_01\debug\testjiekou.obj
d:\vsworkspace\dna_01\dna_01\debug\arrayutils.obj
d:\vsworkspace\dna_01\dna_01\debug\log.obj
d:\vsworkspace\dna_01\dna_01\debug\parameterlist.obj
d:\vsworkspace\dna_01\dna_01\debug\rand.obj
d:\vsworkspace\dna_01\dna_01\debug\edge.obj
d:\vsworkspace\dna_01\dna_01\debug\undirectededge.obj
d:\vsworkspace\dna_01\dna_01\debug\graph.obj
d:\vsworkspace\dna_01\dna_01\debug\node.obj
d:\vsworkspace\dna_01\dna_01\debug\undirectednode.obj
d:\vsworkspace\dna_01\dna_01\debug\dir.obj
d:\vsworkspace\dna_01\dna_01\debug\files.obj
d:\vsworkspace\dna_01\dna_01\debug\writer.obj
d:\vsworkspace\dna_01\dna_01\debug\label.obj
d:\vsworkspace\dna_01\dna_01\debug\labellist.obj
d:\vsworkspace\dna_01\dna_01\debug\main.obj
d:\vsworkspace\dna_01\dna_01\debug\algorithms.obj
d:\vsworkspace\dna_01\dna_01\debug\undirectedclusteringcoefficient.obj
d:\vsworkspace\dna_01\dna_01\debug\undirectedclusteringcoefficientu.obj
d:\vsworkspace\dna_01\dna_01\debug\degreedistribution.obj
d:\vsworkspace\dna_01\dna_01\debug\batchdata.obj
d:\vsworkspace\dna_01\dna_01\debug\data.obj
d:\vsworkspace\dna_01\dna_01\debug\binnedintdistr.obj
d:\vsworkspace\dna_01\dna_01\debug\batchdatalist.obj
d:\vsworkspace\dna_01\dna_01\debug\longlist.obj
d:\vsworkspace\dna_01\dna_01\debug\randomgraph.obj
d:\vsworkspace\dna_01\dna_01\debug\randombatch.obj
d:\vsworkspace\dna_01\dna_01\debug\randomedgeadditions.obj
d:\vsworkspace\dna_01\dna_01\debug\randomedgeremovals.obj
d:\vsworkspace\dna_01\dna_01\debug\randomnodeadditions.obj
d:\vsworkspace\dna_01\dna_01\debug\randomnoderemovals.obj
d:\vsworkspace\dna_01\dna_01\debug\edgeaddition.obj
d:\vsworkspace\dna_01\dna_01\debug\edgeremoval.obj
d:\vsworkspace\dna_01\dna_01\debug\edgeupdate.obj
d:\vsworkspace\dna_01\dna_01\debug\nodeaddition.obj
d:\vsworkspace\dna_01\dna_01\debug\noderemoval.obj
d:\vsworkspace\dna_01\dna_01\debug\nodeupdate.obj
d:\vsworkspace\dna_01\dna_01\debug\update.obj
d:\vsworkspace\dna_01\dna_01\debug\darray.obj
d:\vsworkspace\dna_01\dna_01\debug\darraylist.obj
d:\vsworkspace\dna_01\dna_01\debug\dhasharraylist.obj
d:\vsworkspace\dna_01\dna_01\debug\gds.obj
d:\vsworkspace\dna_01\dna_01\debug\graphdatastructure.obj
d:\vsworkspace\dna_01\dna_01\debug\dummyundirectededge.obj
d:\vsworkspace\dna_01\dna_01\debug\biginteger.obj
d:\vsworkspace\dna_01\dna_01\debug\batch.obj
d:\vsworkspace\dna_01\dna_01\debug\batchsanitization.obj
d:\vsworkspace\dna_01\dna_01\debug\batchsanitizationstats.obj
d:\vsworkspace\dna_01\dna_01\debug\aggregatedseries.obj
d:\vsworkspace\dna_01\debug\dna_01.ilk
d:\vsworkspace\dna_01\debug\dna_01.exe
d:\vsworkspace\dna_01\debug\dna_01.pdb
d:\vsworkspace\dna_01\dna_01\debug\dna_01.tlog\cl.command.1.tlog
d:\vsworkspace\dna_01\dna_01\debug\dna_01.tlog\cl.read.1.tlog
d:\vsworkspace\dna_01\dna_01\debug\dna_01.tlog\cl.write.1.tlog
d:\vsworkspace\dna_01\dna_01\debug\dna_01.tlog\link.command.1.tlog
d:\vsworkspace\dna_01\dna_01\debug\dna_01.tlog\link.read.1.tlog
d:\vsworkspace\dna_01\dna_01\debug\dna_01.tlog\link.write.1.tlog
